<?xml version="1.0" encoding="UTF-8"?>
<!-- Generated by org.testng.reporters.JUnitReportReporter -->
<testsuite hostname="microsof-61a05c" name="com.example.tests.GroupCreationTests" tests="2" failures="0" timestamp="3 Jun 2014 19:46:04 GMT" time="9.312" errors="0">
  <testcase name="testEmptyGroupCreation" time="4.562" classname="com.example.tests.GroupCreationTests"/>
  <testcase name="testNonEmptyGroupCreation" time="4.750" classname="com.example.tests.GroupCreationTests"/>
</testsuite> <!-- com.example.tests.GroupCreationTests -->
